********************************************************************************
DUPLICATOR-LITE PACKAGE-LOG: April 4, 2019 1:10 am
NOTICE: Do NOT post to public sites or forums 
********************************************************************************
VERSION:	1.3.10
WORDPRESS:	5.1.1
PHP INFO:	7.2.14 | SAPI: apache2handler
SERVER:		Apache/2.4.37 (Win64) PHP/7.2.14 
PHP TIME LIMIT: (0) no time limit imposed 
PHP MAX MEMORY: 4294967296 (128M default) 
MEMORY STACK: 2MB 

********************************************************************************
DATABASE:
********************************************************************************
BUILD MODE:   PHP(query limit - 100)
MYSQLTIMEOUT: 5000
MYSQLDUMP:    Not Supported 
TABLES: total:13 | filtered:0 | create:13 
FILTERED: [] 
SQL CREATED: agar_popper_build_b8ee9c4eadbf52f13166_20190404011027_database.sql 
SQL FILE SIZE: 553.8KB (567091) 
SQL FILE TIME: 2019-04-04 01:10:35 
SQL RUNTIME: 0.63 sec. 

******************************************************************************** 
ARCHIVE (ZIP): 
******************************************************************************** 
ARCHIVE DIR:  C:/wamp64/www/agar 
ARCHIVE FILE: agar_popper_build_b8ee9c4eadbf52f13166_20190404011027_archive.zip 
FILTERS: *OFF* 
DIRS:
	not set 
FILES:
	not set 
EXTS:  not set 
---------------------------------------- 
COMPRESSING 
SIZE:	46.36MB 
STATS:	Dirs 294 | Files 2,219 
SQL ADDED: agar_popper_build_b8ee9c4eadbf52f13166_20190404011027_database.sql 
ZipArchive Object
(
    [status] => 0
    [statusSys] => 0
    [numFiles] => 2513
    [filename] => C:\wamp64\www\agar\wp-snapshots\tmp\agar_popper_build_b8ee9c4eadbf52f13166_20190404011027_archive.zip
    [comment] => 
)
 
FILE ADDED TO ZIP: 2512 
COMPRESSION RESULT: '1' 
COMPRESSED SIZE: 16.01MB 
ARCHIVE RUNTIME: 4.51 sec. 
MEMORY STACK: 4MB 
building installer 
add_extra_files1 
add_extra_files2 
add_extra_files3 
add_extra_files4 
Doing archive file check 
add_extra_files5 
add_extra_files6 
add_extra_files8 
Successfully opened zip C:/wamp64/www/agar/wp-snapshots/tmp/agar_popper_build_b8ee9c4eadbf52f13166_20190404011027_archive.zip 
Adding enhanced installer files to archive using ZipArchive 
Installer files added to archive 
Added to archive 
After ziparchive close when adding installer 

******************************************************************************** 
INTEGRITY CHECKS: 
******************************************************************************** 
SQL FILE: 553.8KB 
INSTALLER FILE: 207.32KB 
ARCHIVE FILE: 16.94MB  
EXPECTED FILE/DIRECTORY COUNT: 2,513 
ACTUAL FILE/DIRECTORY COUNT: 2,512 
ARCHIVE CONSISTENCY TEST: Pass 

********************************************************************************
RECORD ID:[1]
TOTAL PROCESS RUNTIME: 5.70 sec.
PEAK PHP MEMORY USED: 4MB
DONE PROCESSING => agar_popper_build April 4, 2019 1:10 am
 
